0 info it worked if it ends with ok
1 verbose cli [ '/Users/theron/.nvm/v5.10.0/bin/node',
1 verbose cli   '/Users/theron/.nvm/v5.10.0/bin/npm',
1 verbose cli   'run',
1 verbose cli   'dev' ]
2 info using npm@3.8.3
3 info using node@v5.10.0
4 verbose run-script [ 'predev', 'dev', 'postdev' ]
5 info lifecycle reverb-deals-finder-react@1.0.0~predev: reverb-deals-finder-react@1.0.0
6 silly lifecycle reverb-deals-finder-react@1.0.0~predev: no script for predev, continuing
7 info lifecycle reverb-deals-finder-react@1.0.0~dev: reverb-deals-finder-react@1.0.0
8 verbose lifecycle reverb-deals-finder-react@1.0.0~dev: unsafe-perm in lifecycle true
9 verbose lifecycle reverb-deals-finder-react@1.0.0~dev: PATH: /Users/theron/.nvm/v5.10.0/lib/node_modules/npm/bin/node-gyp-bin:/Users/theron/projects/static-sites/reverb-deals-finder-react/node_modules/.bin:/Users/theron/.nvm/v5.10.0/bin:/Users/theron/.nvm/v5.10.0/bin:node_modules/.bin:/Users/theron/.rbenv/shims:/Users/theron/.rbenv/bin:/Users/theron/.rbenv/bin:/Users/theron/.rbenv/shims:/usr/local/bin:/usr/bin:/bin:/usr/sbin:/sbin:/usr/local/go/bin:/Applications/Postgres.app/Contents/Versions/9.4/bin:/Users/theron/bin:/Users/theron/goprojects/bin
10 verbose lifecycle reverb-deals-finder-react@1.0.0~dev: CWD: /Users/theron/projects/static-sites/reverb-deals-finder-react
11 silly lifecycle reverb-deals-finder-react@1.0.0~dev: Args: [ '-c', 'webpack -d --watch' ]
12 silly lifecycle reverb-deals-finder-react@1.0.0~dev: Returned: code: 1  signal: null
13 info lifecycle reverb-deals-finder-react@1.0.0~dev: Failed to exec dev script
14 verbose stack Error: reverb-deals-finder-react@1.0.0 dev: `webpack -d --watch`
14 verbose stack Exit status 1
14 verbose stack     at EventEmitter.<anonymous> (/Users/theron/.nvm/v5.10.0/lib/node_modules/npm/lib/utils/lifecycle.js:239:16)
14 verbose stack     at emitTwo (events.js:100:13)
14 verbose stack     at EventEmitter.emit (events.js:185:7)
14 verbose stack     at ChildProcess.<anonymous> (/Users/theron/.nvm/v5.10.0/lib/node_modules/npm/lib/utils/spawn.js:24:14)
14 verbose stack     at emitTwo (events.js:100:13)
14 verbose stack     at ChildProcess.emit (events.js:185:7)
14 verbose stack     at maybeClose (internal/child_process.js:850:16)
14 verbose stack     at Process.ChildProcess._handle.onexit (internal/child_process.js:215:5)
15 verbose pkgid reverb-deals-finder-react@1.0.0
16 verbose cwd /Users/theron/projects/static-sites/reverb-deals-finder-react
17 error Darwin 15.5.0
18 error argv "/Users/theron/.nvm/v5.10.0/bin/node" "/Users/theron/.nvm/v5.10.0/bin/npm" "run" "dev"
19 error node v5.10.0
20 error npm  v3.8.3
21 error code ELIFECYCLE
22 error reverb-deals-finder-react@1.0.0 dev: `webpack -d --watch`
22 error Exit status 1
23 error Failed at the reverb-deals-finder-react@1.0.0 dev script 'webpack -d --watch'.
23 error Make sure you have the latest version of node.js and npm installed.
23 error If you do, this is most likely a problem with the reverb-deals-finder-react package,
23 error not with npm itself.
23 error Tell the author that this fails on your system:
23 error     webpack -d --watch
23 error You can get information on how to open an issue for this project with:
23 error     npm bugs reverb-deals-finder-react
23 error Or if that isn't available, you can get their info via:
23 error     npm owner ls reverb-deals-finder-react
23 error There is likely additional logging output above.
24 verbose exit [ 1, true ]
